<?xml version="1.0" encoding="UTF-8"?>
<testsuite name="TestSuite" time="0.172" tests="42" errors="0" skipped="0" failures="3">
  <properties>
    <property name="java.runtime.name" value="Java(TM) SE Runtime Environment"/>
    <property name="sun.boot.library.path" value="C:\Program Files\Java\jdk1.8.0_202\jre\bin"/>
    <property name="java.vm.version" value="25.202-b08"/>
    <property name="java.vm.vendor" value="Oracle Corporation"/>
    <property name="maven.multiModuleProjectDirectory" value="C:\Users\annu.agarwal\eclipse-workspace\RestAutomationFramework"/>
    <property name="java.vendor.url" value="http://java.oracle.com/"/>
    <property name="path.separator" value=";"/>
    <property name="guice.disable.misplaced.annotation.check" value="true"/>
    <property name="java.vm.name" value="Java HotSpot(TM) 64-Bit Server VM"/>
    <property name="file.encoding.pkg" value="sun.io"/>
    <property name="user.script" value=""/>
    <property name="user.country" value="US"/>
    <property name="sun.java.launcher" value="SUN_STANDARD"/>
    <property name="sun.os.patch.level" value=""/>
    <property name="java.vm.specification.name" value="Java Virtual Machine Specification"/>
    <property name="user.dir" value="C:\Users\annu.agarwal\eclipse-workspace\RestAutomationFramework"/>
    <property name="java.runtime.version" value="1.8.0_202-b08"/>
    <property name="java.awt.graphicsenv" value="sun.awt.Win32GraphicsEnvironment"/>
    <property name="java.endorsed.dirs" value="C:\Program Files\Java\jdk1.8.0_202\jre\lib\endorsed"/>
    <property name="os.arch" value="amd64"/>
    <property name="java.io.tmpdir" value="C:\Users\ANNU~1.AGA\AppData\Local\Temp\"/>
    <property name="line.separator" value="&#10;"/>
    <property name="java.vm.specification.vendor" value="Oracle Corporation"/>
    <property name="user.variant" value=""/>
    <property name="os.name" value="Windows 10"/>
    <property name="classworlds.conf" value="C:\Users\annu.agarwal\apache-maven-3.6.3-bin\apache-maven-3.6.3\bin\..\bin\m2.conf"/>
    <property name="sun.jnu.encoding" value="Cp1252"/>
    <property name="java.library.path" value="C:\Program Files\Java\jdk1.8.0_202\bin;C:\WINDOWS\Sun\Java\bin;C:\WINDOWS\system32;C:\WINDOWS;C:\Program Files\Java\jdk1.8.0_202\bin;C:\Program Files (x86)\Intel\iCLS Client\;C:\Program Files\Intel\iCLS Client\;C:\WINDOWS\system32;C:\WINDOWS;C:\WINDOWS\System32\Wbem;C:\WINDOWS\System32\WindowsPowerShell\v1.0\;C:\Program Files (x86)\Intel\Intel(R) Management Engine Components\DAL;C:\Program Files\Intel\Intel(R) Management Engine Components\DAL;C:\Program Files (x86)\Intel\Intel(R) Management Engine Components\IPT;C:\Program Files\Intel\Intel(R) Management Engine Components\IPT;C:\WINDOWS\System32\OpenSSH\;C:\Program Files\TortoiseSVN\bin;C:\Users\annu.agarwal\apache-maven-3.6.3-bin\apache-maven-3.6.3\bin;C:\Program Files (x86)\Common Files\Oracle\Java\javapath;C:\Users\annu.agarwal\AppData\Local\Microsoft\WindowsApps;;."/>
    <property name="maven.conf" value="C:\Users\annu.agarwal\apache-maven-3.6.3-bin\apache-maven-3.6.3\bin\../conf"/>
    <property name="java.specification.name" value="Java Platform API Specification"/>
    <property name="java.class.version" value="52.0"/>
    <property name="sun.management.compiler" value="HotSpot 64-Bit Tiered Compilers"/>
    <property name="os.version" value="10.0"/>
    <property name="library.jansi.path" value="C:\Users\annu.agarwal\apache-maven-3.6.3-bin\apache-maven-3.6.3\bin\..\lib\jansi-native"/>
    <property name="user.home" value="C:\Users\annu.agarwal"/>
    <property name="user.timezone" value="Asia/Calcutta"/>
    <property name="java.awt.printerjob" value="sun.awt.windows.WPrinterJob"/>
    <property name="java.specification.version" value="1.8"/>
    <property name="file.encoding" value="Cp1252"/>
    <property name="user.name" value="annu.agarwal"/>
    <property name="java.class.path" value="C:\Users\annu.agarwal\apache-maven-3.6.3-bin\apache-maven-3.6.3\bin\..\boot\plexus-classworlds-2.6.0.jar"/>
    <property name="java.vm.specification.version" value="1.8"/>
    <property name="sun.arch.data.model" value="64"/>
    <property name="java.home" value="C:\Program Files\Java\jdk1.8.0_202\jre"/>
    <property name="sun.java.command" value="org.codehaus.plexus.classworlds.launcher.Launcher clean install"/>
    <property name="java.specification.vendor" value="Oracle Corporation"/>
    <property name="user.language" value="en"/>
    <property name="awt.toolkit" value="sun.awt.windows.WToolkit"/>
    <property name="java.vm.info" value="mixed mode"/>
    <property name="java.version" value="1.8.0_202"/>
    <property name="java.ext.dirs" value="C:\Program Files\Java\jdk1.8.0_202\jre\lib\ext;C:\WINDOWS\Sun\Java\lib\ext"/>
    <property name="sun.boot.class.path" value="C:\Program Files\Java\jdk1.8.0_202\jre\lib\resources.jar;C:\Program Files\Java\jdk1.8.0_202\jre\lib\rt.jar;C:\Program Files\Java\jdk1.8.0_202\jre\lib\sunrsasign.jar;C:\Program Files\Java\jdk1.8.0_202\jre\lib\jsse.jar;C:\Program Files\Java\jdk1.8.0_202\jre\lib\jce.jar;C:\Program Files\Java\jdk1.8.0_202\jre\lib\charsets.jar;C:\Program Files\Java\jdk1.8.0_202\jre\lib\jfr.jar;C:\Program Files\Java\jdk1.8.0_202\jre\classes"/>
    <property name="sun.stderr.encoding" value="cp437"/>
    <property name="java.vendor" value="Oracle Corporation"/>
    <property name="maven.home" value="C:\Users\annu.agarwal\apache-maven-3.6.3-bin\apache-maven-3.6.3\bin\.."/>
    <property name="file.separator" value="\"/>
    <property name="java.vendor.url.bug" value="http://bugreport.sun.com/bugreport/"/>
    <property name="sun.cpu.endian" value="little"/>
    <property name="sun.io.unicode.encoding" value="UnicodeLittle"/>
    <property name="sun.stdout.encoding" value="cp437"/>
    <property name="sun.desktop" value="windows"/>
    <property name="sun.cpu.isalist" value="amd64"/>
  </properties>
  <testcase name="CheckContentEncoding" classname="com.employeeapi.testcases.TC_001_GetAllEmployees" time="0.009"/>
  <testcase name="CheckContentLength" classname="com.employeeapi.testcases.TC_001_GetAllEmployees" time="0.006"/>
  <testcase name="CheckContentType" classname="com.employeeapi.testcases.TC_001_GetAllEmployees" time="0.001"/>
  <testcase name="CheckCookies" classname="com.employeeapi.testcases.TC_001_GetAllEmployees" time="0.001"/>
  <testcase name="CheckResponseBody" classname="com.employeeapi.testcases.TC_001_GetAllEmployees" time="0.079"/>
  <testcase name="CheckResponseTime" classname="com.employeeapi.testcases.TC_001_GetAllEmployees" time="0.004"/>
  <testcase name="CheckServerType" classname="com.employeeapi.testcases.TC_001_GetAllEmployees" time="0.002"/>
  <testcase name="CheckStatusCode" classname="com.employeeapi.testcases.TC_001_GetAllEmployees" time="0.002"/>
  <testcase name="CheckStatusLine" classname="com.employeeapi.testcases.TC_001_GetAllEmployees" time="0.002"/>
  <testcase name="CheckContentEncoding" classname="com.employeeapi.testcases.TC_002_GetSingleEmployee" time="0.006"/>
  <testcase name="CheckContentLength" classname="com.employeeapi.testcases.TC_002_GetSingleEmployee" time="0.002"/>
  <testcase name="CheckContentType" classname="com.employeeapi.testcases.TC_002_GetSingleEmployee" time="0.001"/>
  <testcase name="CheckCookies" classname="com.employeeapi.testcases.TC_002_GetSingleEmployee" time="0"/>
  <testcase name="CheckResponseBody" classname="com.employeeapi.testcases.TC_002_GetSingleEmployee" time="0.028"/>
  <testcase name="CheckResponseTime" classname="com.employeeapi.testcases.TC_002_GetSingleEmployee" time="0.001">
    <failure message="expected [true] but found [false]" type="java.lang.AssertionError">java.lang.AssertionError: expected [true] but found [false]
	at org.testng.Assert.fail(Assert.java:97)
	at org.testng.Assert.failNotEquals(Assert.java:969)
	at org.testng.Assert.assertTrue(Assert.java:43)
	at org.testng.Assert.assertTrue(Assert.java:53)
	at com.employeeapi.testcases.TC_002_GetSingleEmployee.CheckResponseTime(TC_002_GetSingleEmployee.java:53)
</failure>
    <system-out><![CDATA[ INFO [main] (TC_002_GetSingleEmployee.java:48)- **************Checking Response Time****************
 INFO [main] (TC_002_GetSingleEmployee.java:50)- The response time is1013
]]></system-out>
  </testcase>
  <testcase name="CheckServerType" classname="com.employeeapi.testcases.TC_002_GetSingleEmployee" time="0.001"/>
  <testcase name="CheckStatusCode" classname="com.employeeapi.testcases.TC_002_GetSingleEmployee" time="0.001"/>
  <testcase name="CheckStatusLine" classname="com.employeeapi.testcases.TC_002_GetSingleEmployee" time="0.001"/>
  <testcase name="CheckContentLength" classname="com.employeeapi.testcases.TC_003_CreateRecord" time="0.002"/>
  <testcase name="CheckContentType" classname="com.employeeapi.testcases.TC_003_CreateRecord" time="0"/>
  <testcase name="CheckCookies" classname="com.employeeapi.testcases.TC_003_CreateRecord" time="0.001"/>
  <testcase name="CheckResponseBody" classname="com.employeeapi.testcases.TC_003_CreateRecord" time="0.002"/>
  <testcase name="CheckResponseTime" classname="com.employeeapi.testcases.TC_003_CreateRecord" time="0.001"/>
  <testcase name="CheckServerType" classname="com.employeeapi.testcases.TC_003_CreateRecord" time="0.001"/>
  <testcase name="CheckStatusCode" classname="com.employeeapi.testcases.TC_003_CreateRecord" time="0.002"/>
  <testcase name="CheckStatusLine" classname="com.employeeapi.testcases.TC_003_CreateRecord" time="0.001"/>
  <testcase name="CheckContentLength" classname="com.employeeapi.testcases.TC_004_UpdateRecord" time="0.002"/>
  <testcase name="CheckContentType" classname="com.employeeapi.testcases.TC_004_UpdateRecord" time="0.002"/>
  <testcase name="CheckCookies" classname="com.employeeapi.testcases.TC_004_UpdateRecord" time="0"/>
  <testcase name="CheckResponseBody" classname="com.employeeapi.testcases.TC_004_UpdateRecord" time="0.001">
    <failure message="expected [true] but found [false]" type="java.lang.AssertionError">java.lang.AssertionError: expected [true] but found [false]
	at org.testng.Assert.fail(Assert.java:97)
	at org.testng.Assert.assertEqualsImpl(Assert.java:136)
	at org.testng.Assert.assertEquals(Assert.java:118)
	at org.testng.Assert.assertEquals(Assert.java:751)
	at org.testng.Assert.assertEquals(Assert.java:761)
	at com.employeeapi.testcases.TC_004_UpdateRecord.CheckResponseBody(TC_004_UpdateRecord.java:42)
</failure>
    <system-out><![CDATA[ INFO [main] (TC_004_UpdateRecord.java:39)- **************Checking Response Body****************
 INFO [main] (TC_004_UpdateRecord.java:41)- The response body is{"status":"success","data":null}
]]></system-out>
  </testcase>
  <testcase name="CheckResponseTime" classname="com.employeeapi.testcases.TC_004_UpdateRecord" time="0.001"/>
  <testcase name="CheckServerType" classname="com.employeeapi.testcases.TC_004_UpdateRecord" time="0.001"/>
  <testcase name="CheckStatusCode" classname="com.employeeapi.testcases.TC_004_UpdateRecord" time="0.001"/>
  <testcase name="CheckStatusLine" classname="com.employeeapi.testcases.TC_004_UpdateRecord" time="0.001"/>
  <testcase name="CheckContentLength" classname="com.employeeapi.testcases.TC_005_DeleteRecord" time="0.002"/>
  <testcase name="CheckContentType" classname="com.employeeapi.testcases.TC_005_DeleteRecord" time="0.001"/>
  <testcase name="CheckCookies" classname="com.employeeapi.testcases.TC_005_DeleteRecord" time="0"/>
  <testcase name="CheckResponseBody" classname="com.employeeapi.testcases.TC_005_DeleteRecord" time="0.001">
    <failure message="expected [true] but found [false]" type="java.lang.AssertionError">java.lang.AssertionError: expected [true] but found [false]
	at org.testng.Assert.fail(Assert.java:97)
	at org.testng.Assert.assertEqualsImpl(Assert.java:136)
	at org.testng.Assert.assertEquals(Assert.java:118)
	at org.testng.Assert.assertEquals(Assert.java:751)
	at org.testng.Assert.assertEquals(Assert.java:761)
	at com.employeeapi.testcases.TC_005_DeleteRecord.CheckResponseBody(TC_005_DeleteRecord.java:40)
</failure>
    <system-out><![CDATA[ INFO [main] (TC_005_DeleteRecord.java:37)- **************Checking Response Body****************
 INFO [main] (TC_005_DeleteRecord.java:39)- The response body is{"status":"failed","message":"Error! Not able to delete record"}
]]></system-out>
  </testcase>
  <testcase name="CheckResponseTime" classname="com.employeeapi.testcases.TC_005_DeleteRecord" time="0"/>
  <testcase name="CheckServerType" classname="com.employeeapi.testcases.TC_005_DeleteRecord" time="0.001"/>
  <testcase name="CheckStatusCode" classname="com.employeeapi.testcases.TC_005_DeleteRecord" time="0.001"/>
  <testcase name="CheckStatusLine" classname="com.employeeapi.testcases.TC_005_DeleteRecord" time="0"/>
</testsuite>